2023-07-10 12:38:02.239  INFO DESKTOP-PH7VFOH --- [kground-preinit] o.h.v.i.u.Version                        : HV000001: Hibernate Validator 8.0.0.Final
2023-07-10 12:38:02.284  INFO DESKTOP-PH7VFOH --- [  restartedMain] t.c.TelederCoreServiceApplication        : Starting TelederCoreServiceApplication using Java 17.0.7 with PID 28696 (I:\Code\Teleder-Core-Service\target\classes started by Thai Long in I:\Code\Teleder-Core-Service)
2023-07-10 12:38:02.288  INFO DESKTOP-PH7VFOH --- [  restartedMain] t.c.TelederCoreServiceApplication        : The following 2 profiles are active: "cicd", "default"
2023-07-10 12:38:02.331  INFO DESKTOP-PH7VFOH --- [  restartedMain] .e.DevToolsPropertyDefaultsPostProcessor : Devtools property defaults active! Set 'spring.devtools.add-properties' to 'false' to disable
2023-07-10 12:38:02.337  INFO DESKTOP-PH7VFOH --- [  restartedMain] .e.DevToolsPropertyDefaultsPostProcessor : For additional web related logging consider setting the 'logging.level.web' property to 'DEBUG'
2023-07-10 12:38:03.755  INFO DESKTOP-PH7VFOH --- [  restartedMain] .s.d.r.c.RepositoryConfigurationDelegate : Bootstrapping Spring Data MongoDB repositories in DEFAULT mode.
2023-07-10 12:38:04.158  INFO DESKTOP-PH7VFOH --- [  restartedMain] .s.d.r.c.RepositoryConfigurationDelegate : Finished Spring Data repository scanning in 394 ms. Found 7 MongoDB repository interfaces.
2023-07-10 12:38:05.437  INFO DESKTOP-PH7VFOH --- [  restartedMain] o.s.b.w.e.t.TomcatWebServer              : Tomcat initialized with port(s): 8080 (http)
2023-07-10 12:38:05.449  INFO DESKTOP-PH7VFOH --- [  restartedMain] o.a.c.h.Http11NioProtocol                : Initializing ProtocolHandler ["http-nio-8080"]
2023-07-10 12:38:05.449  INFO DESKTOP-PH7VFOH --- [  restartedMain] o.a.c.c.StandardService                  : Starting service [Tomcat]
2023-07-10 12:38:05.449  INFO DESKTOP-PH7VFOH --- [  restartedMain] o.a.c.c.StandardEngine                   : Starting Servlet engine: [Apache Tomcat/10.1.5]
2023-07-10 12:38:05.508  INFO DESKTOP-PH7VFOH --- [  restartedMain] o.a.c.c.C.[.[.[/]                        : Initializing Spring embedded WebApplicationContext
2023-07-10 12:38:05.508  INFO DESKTOP-PH7VFOH --- [  restartedMain] w.s.c.ServletWebServerApplicationContext : Root WebApplicationContext: initialization completed in 3171 ms
2023-07-10 12:38:05.913  INFO DESKTOP-PH7VFOH --- [  restartedMain] o.m.d.client                             : MongoClient with metadata {"driver": {"name": "mongo-java-driver|sync", "version": "4.8.2"}, "os": {"type": "Windows", "name": "Windows 11", "architecture": "amd64", "version": "10.0"}, "platform": "Java/Amazon.com Inc./17.0.7+7-LTS"} created with settings MongoClientSettings{readPreference=primary, writeConcern=WriteConcern{w=null, wTimeout=null ms, journal=null}, retryWrites=true, retryReads=true, readConcern=ReadConcern{level=null}, credential=null, streamFactoryFactory=null, commandListeners=[], codecRegistry=ProvidersCodecRegistry{codecProviders=[ValueCodecProvider{}, BsonValueCodecProvider{}, DBRefCodecProvider{}, DBObjectCodecProvider{}, DocumentCodecProvider{}, CollectionCodecProvider{}, IterableCodecProvider{}, MapCodecProvider{}, GeoJsonCodecProvider{}, GridFSFileCodecProvider{}, Jsr310CodecProvider{}, JsonObjectCodecProvider{}, BsonCodecProvider{}, EnumCodecProvider{}, com.mongodb.Jep395RecordCodecProvider@12716f3]}, clusterSettings={hosts=[localhost:27017], srvServiceName=mongodb, mode=SINGLE, requiredClusterType=UNKNOWN, requiredReplicaSetName='null', serverSelector='null', clusterListeners='[]', serverSelectionTimeout='30000 ms', localThreshold='30000 ms'}, socketSettings=SocketSettings{connectTimeoutMS=10000, readTimeoutMS=0, receiveBufferSize=0, sendBufferSize=0}, heartbeatSocketSettings=SocketSettings{connectTimeoutMS=10000, readTimeoutMS=10000, receiveBufferSize=0, sendBufferSize=0}, connectionPoolSettings=ConnectionPoolSettings{maxSize=100, minSize=0, maxWaitTimeMS=120000, maxConnectionLifeTimeMS=0, maxConnectionIdleTimeMS=0, maintenanceInitialDelayMS=0, maintenanceFrequencyMS=60000, connectionPoolListeners=[], maxConnecting=2}, serverSettings=ServerSettings{heartbeatFrequencyMS=10000, minHeartbeatFrequencyMS=500, serverListeners='[]', serverMonitorListeners='[]'}, sslSettings=SslSettings{enabled=false, invalidHostNameAllowed=false, context=null}, applicationName='null', compressorList=[], uuidRepresentation=UNSPECIFIED, serverApi=null, autoEncryptionSettings=null, contextProvider=null}
2023-07-10 12:38:05.930  INFO DESKTOP-PH7VFOH --- [localhost:27017] o.m.d.cluster                            : Monitor thread successfully connected to server with description ServerDescription{address=localhost:27017, type=STANDALONE, state=CONNECTED, ok=true, minWireVersion=0, maxWireVersion=17, maxDocumentSize=16777216, logicalSessionTimeoutMinutes=30, roundTripTimeNanos=19846900}
2023-07-10 12:38:06.266  INFO DESKTOP-PH7VFOH --- [  restartedMain] o.s.b.d.a.OptionalLiveReloadServer       : LiveReload server is running on port 35729
2023-07-10 12:38:07.589  INFO DESKTOP-PH7VFOH --- [  restartedMain] o.s.s.w.DefaultSecurityFilterChain       : Will secure any request with [org.springframework.security.web.session.DisableEncodeUrlFilter@313d852d, org.springframework.security.web.context.request.async.WebAsyncManagerIntegrationFilter@32c73f97, org.springframework.security.web.context.SecurityContextHolderFilter@3e1d1ec4, org.springframework.security.web.header.HeaderWriterFilter@7c1a6eb0, org.springframework.security.web.authentication.logout.LogoutFilter@352764e8, org.springframework.security.web.savedrequest.RequestCacheAwareFilter@378c897d, org.springframework.security.web.servletapi.SecurityContextHolderAwareRequestFilter@255a52e7, org.springframework.security.web.authentication.AnonymousAuthenticationFilter@7c36c6a2, org.springframework.security.web.session.SessionManagementFilter@52a098a7, org.springframework.security.web.access.ExceptionTranslationFilter@613a0529, org.springframework.security.web.access.intercept.AuthorizationFilter@1c731b7e]
2023-07-10 12:38:08.283  INFO DESKTOP-PH7VFOH --- [  restartedMain] o.a.c.h.Http11NioProtocol                : Starting ProtocolHandler ["http-nio-8080"]
2023-07-10 12:38:08.288  WARN DESKTOP-PH7VFOH --- [  restartedMain] ConfigServletWebServerApplicationContext : Exception encountered during context initialization - cancelling refresh attempt: org.springframework.context.ApplicationContextException: Failed to start bean 'webServerStartStop'
2023-07-10 12:38:08.295  INFO DESKTOP-PH7VFOH --- [  restartedMain] o.a.c.h.Http11NioProtocol                : Pausing ProtocolHandler ["http-nio-8080"]
2023-07-10 12:38:08.295  INFO DESKTOP-PH7VFOH --- [  restartedMain] o.a.c.c.StandardService                  : Stopping service [Tomcat]
2023-07-10 12:38:08.301  INFO DESKTOP-PH7VFOH --- [  restartedMain] o.a.c.h.Http11NioProtocol                : Stopping ProtocolHandler ["http-nio-8080"]
2023-07-10 12:38:08.301  INFO DESKTOP-PH7VFOH --- [  restartedMain] o.a.c.h.Http11NioProtocol                : Destroying ProtocolHandler ["http-nio-8080"]
2023-07-10 12:38:08.309  INFO DESKTOP-PH7VFOH --- [  restartedMain] .s.b.a.l.ConditionEvaluationReportLogger : 

Error starting ApplicationContext. To display the condition evaluation report re-run your application with 'debug' enabled.
2023-07-10 12:38:08.325 ERROR DESKTOP-PH7VFOH --- [  restartedMain] o.s.b.d.LoggingFailureAnalysisReporter   : 

***************************
APPLICATION FAILED TO START
***************************

Description:

Web server failed to start. Port 8080 was already in use.

Action:

Identify and stop the process that's listening on port 8080 or configure this application to listen on another port.

2023-07-10 16:14:08.519  INFO DESKTOP-PH7VFOH --- [kground-preinit] o.h.v.i.u.Version                        : HV000001: Hibernate Validator 8.0.0.Final
2023-07-10 16:14:08.546  INFO DESKTOP-PH7VFOH --- [  restartedMain] t.c.TelederCoreServiceApplication        : Starting TelederCoreServiceApplication using Java 17.0.7 with PID 13352 (I:\Code\Teleder-Core-Service\target\classes started by Thai Long in I:\Code\Teleder-Core-Service)
2023-07-10 16:14:08.549  INFO DESKTOP-PH7VFOH --- [  restartedMain] t.c.TelederCoreServiceApplication        : The following 2 profiles are active: "cicd", "default"
2023-07-10 16:14:08.584  INFO DESKTOP-PH7VFOH --- [  restartedMain] .e.DevToolsPropertyDefaultsPostProcessor : Devtools property defaults active! Set 'spring.devtools.add-properties' to 'false' to disable
2023-07-10 16:14:08.585  INFO DESKTOP-PH7VFOH --- [  restartedMain] .e.DevToolsPropertyDefaultsPostProcessor : For additional web related logging consider setting the 'logging.level.web' property to 'DEBUG'
2023-07-10 16:14:09.098  INFO DESKTOP-PH7VFOH --- [  restartedMain] .s.d.r.c.RepositoryConfigurationDelegate : Bootstrapping Spring Data MongoDB repositories in DEFAULT mode.
2023-07-10 16:14:09.214  INFO DESKTOP-PH7VFOH --- [  restartedMain] .s.d.r.c.RepositoryConfigurationDelegate : Finished Spring Data repository scanning in 112 ms. Found 7 MongoDB repository interfaces.
2023-07-10 16:14:10.281  INFO DESKTOP-PH7VFOH --- [  restartedMain] o.s.b.w.e.t.TomcatWebServer              : Tomcat initialized with port(s): 8080 (http)
2023-07-10 16:14:10.288  INFO DESKTOP-PH7VFOH --- [  restartedMain] o.a.c.h.Http11NioProtocol                : Initializing ProtocolHandler ["http-nio-8080"]
2023-07-10 16:14:10.288  INFO DESKTOP-PH7VFOH --- [  restartedMain] o.a.c.c.StandardService                  : Starting service [Tomcat]
2023-07-10 16:14:10.289  INFO DESKTOP-PH7VFOH --- [  restartedMain] o.a.c.c.StandardEngine                   : Starting Servlet engine: [Apache Tomcat/10.1.5]
2023-07-10 16:14:10.343  INFO DESKTOP-PH7VFOH --- [  restartedMain] o.a.c.c.C.[.[.[/]                        : Initializing Spring embedded WebApplicationContext
2023-07-10 16:14:10.343  INFO DESKTOP-PH7VFOH --- [  restartedMain] w.s.c.ServletWebServerApplicationContext : Root WebApplicationContext: initialization completed in 1758 ms
2023-07-10 16:14:10.741  INFO DESKTOP-PH7VFOH --- [  restartedMain] o.m.d.client                             : MongoClient with metadata {"driver": {"name": "mongo-java-driver|sync", "version": "4.8.2"}, "os": {"type": "Windows", "name": "Windows 11", "architecture": "amd64", "version": "10.0"}, "platform": "Java/Amazon.com Inc./17.0.7+7-LTS"} created with settings MongoClientSettings{readPreference=primary, writeConcern=WriteConcern{w=null, wTimeout=null ms, journal=null}, retryWrites=true, retryReads=true, readConcern=ReadConcern{level=null}, credential=null, streamFactoryFactory=null, commandListeners=[], codecRegistry=ProvidersCodecRegistry{codecProviders=[ValueCodecProvider{}, BsonValueCodecProvider{}, DBRefCodecProvider{}, DBObjectCodecProvider{}, DocumentCodecProvider{}, CollectionCodecProvider{}, IterableCodecProvider{}, MapCodecProvider{}, GeoJsonCodecProvider{}, GridFSFileCodecProvider{}, Jsr310CodecProvider{}, JsonObjectCodecProvider{}, BsonCodecProvider{}, EnumCodecProvider{}, com.mongodb.Jep395RecordCodecProvider@127bce19]}, clusterSettings={hosts=[localhost:27017], srvServiceName=mongodb, mode=SINGLE, requiredClusterType=UNKNOWN, requiredReplicaSetName='null', serverSelector='null', clusterListeners='[]', serverSelectionTimeout='30000 ms', localThreshold='30000 ms'}, socketSettings=SocketSettings{connectTimeoutMS=10000, readTimeoutMS=0, receiveBufferSize=0, sendBufferSize=0}, heartbeatSocketSettings=SocketSettings{connectTimeoutMS=10000, readTimeoutMS=10000, receiveBufferSize=0, sendBufferSize=0}, connectionPoolSettings=ConnectionPoolSettings{maxSize=100, minSize=0, maxWaitTimeMS=120000, maxConnectionLifeTimeMS=0, maxConnectionIdleTimeMS=0, maintenanceInitialDelayMS=0, maintenanceFrequencyMS=60000, connectionPoolListeners=[], maxConnecting=2}, serverSettings=ServerSettings{heartbeatFrequencyMS=10000, minHeartbeatFrequencyMS=500, serverListeners='[]', serverMonitorListeners='[]'}, sslSettings=SslSettings{enabled=false, invalidHostNameAllowed=false, context=null}, applicationName='null', compressorList=[], uuidRepresentation=UNSPECIFIED, serverApi=null, autoEncryptionSettings=null, contextProvider=null}
2023-07-10 16:14:10.750  INFO DESKTOP-PH7VFOH --- [localhost:27017] o.m.d.cluster                            : Monitor thread successfully connected to server with description ServerDescription{address=localhost:27017, type=STANDALONE, state=CONNECTED, ok=true, minWireVersion=0, maxWireVersion=17, maxDocumentSize=16777216, logicalSessionTimeoutMinutes=30, roundTripTimeNanos=16224800}
2023-07-10 16:14:11.075  INFO DESKTOP-PH7VFOH --- [  restartedMain] o.s.b.d.a.OptionalLiveReloadServer       : LiveReload server is running on port 35729
2023-07-10 16:14:12.327  INFO DESKTOP-PH7VFOH --- [  restartedMain] o.s.s.w.DefaultSecurityFilterChain       : Will secure any request with [org.springframework.security.web.session.DisableEncodeUrlFilter@2050c45, org.springframework.security.web.context.request.async.WebAsyncManagerIntegrationFilter@6c55c0ae, org.springframework.security.web.context.SecurityContextHolderFilter@3876d799, org.springframework.security.web.header.HeaderWriterFilter@40b875a5, org.springframework.security.web.authentication.logout.LogoutFilter@712b9418, org.springframework.security.web.savedrequest.RequestCacheAwareFilter@77c36c2d, org.springframework.security.web.servletapi.SecurityContextHolderAwareRequestFilter@508613cd, org.springframework.security.web.authentication.AnonymousAuthenticationFilter@3d882173, org.springframework.security.web.session.SessionManagementFilter@66827659, org.springframework.security.web.access.ExceptionTranslationFilter@52e3a62f, org.springframework.security.web.access.intercept.AuthorizationFilter@1b3de245]
2023-07-10 16:14:13.039  INFO DESKTOP-PH7VFOH --- [  restartedMain] o.a.c.h.Http11NioProtocol                : Starting ProtocolHandler ["http-nio-8080"]
2023-07-10 16:14:13.043  WARN DESKTOP-PH7VFOH --- [  restartedMain] ConfigServletWebServerApplicationContext : Exception encountered during context initialization - cancelling refresh attempt: org.springframework.context.ApplicationContextException: Failed to start bean 'webServerStartStop'
2023-07-10 16:14:13.050  INFO DESKTOP-PH7VFOH --- [  restartedMain] o.a.c.h.Http11NioProtocol                : Pausing ProtocolHandler ["http-nio-8080"]
2023-07-10 16:14:13.050  INFO DESKTOP-PH7VFOH --- [  restartedMain] o.a.c.c.StandardService                  : Stopping service [Tomcat]
2023-07-10 16:14:13.055  INFO DESKTOP-PH7VFOH --- [  restartedMain] o.a.c.h.Http11NioProtocol                : Stopping ProtocolHandler ["http-nio-8080"]
2023-07-10 16:14:13.055  INFO DESKTOP-PH7VFOH --- [  restartedMain] o.a.c.h.Http11NioProtocol                : Destroying ProtocolHandler ["http-nio-8080"]
2023-07-10 16:14:13.063  INFO DESKTOP-PH7VFOH --- [  restartedMain] .s.b.a.l.ConditionEvaluationReportLogger : 

Error starting ApplicationContext. To display the condition evaluation report re-run your application with 'debug' enabled.
2023-07-10 16:14:13.076 ERROR DESKTOP-PH7VFOH --- [  restartedMain] o.s.b.d.LoggingFailureAnalysisReporter   : 

***************************
APPLICATION FAILED TO START
***************************

Description:

Web server failed to start. Port 8080 was already in use.

Action:

Identify and stop the process that's listening on port 8080 or configure this application to listen on another port.

2023-07-10 16:15:07.914  INFO DESKTOP-PH7VFOH --- [kground-preinit] o.h.v.i.u.Version                        : HV000001: Hibernate Validator 8.0.0.Final
2023-07-10 16:15:07.945  INFO DESKTOP-PH7VFOH --- [  restartedMain] t.c.TelederCoreServiceApplication        : Starting TelederCoreServiceApplication using Java 17.0.7 with PID 23796 (I:\Code\Teleder-Core-Service\target\classes started by Thai Long in I:\Code\Teleder-Core-Service)
2023-07-10 16:15:07.949  INFO DESKTOP-PH7VFOH --- [  restartedMain] t.c.TelederCoreServiceApplication        : The following 2 profiles are active: "cicd", "default"
2023-07-10 16:15:07.995  INFO DESKTOP-PH7VFOH --- [  restartedMain] .e.DevToolsPropertyDefaultsPostProcessor : Devtools property defaults active! Set 'spring.devtools.add-properties' to 'false' to disable
2023-07-10 16:15:07.996  INFO DESKTOP-PH7VFOH --- [  restartedMain] .e.DevToolsPropertyDefaultsPostProcessor : For additional web related logging consider setting the 'logging.level.web' property to 'DEBUG'
2023-07-10 16:15:08.460  INFO DESKTOP-PH7VFOH --- [  restartedMain] .s.d.r.c.RepositoryConfigurationDelegate : Bootstrapping Spring Data MongoDB repositories in DEFAULT mode.
2023-07-10 16:15:08.595  INFO DESKTOP-PH7VFOH --- [  restartedMain] .s.d.r.c.RepositoryConfigurationDelegate : Finished Spring Data repository scanning in 130 ms. Found 7 MongoDB repository interfaces.
2023-07-10 16:15:09.492  INFO DESKTOP-PH7VFOH --- [  restartedMain] o.s.b.w.e.t.TomcatWebServer              : Tomcat initialized with port(s): 8080 (http)
2023-07-10 16:15:09.498  INFO DESKTOP-PH7VFOH --- [  restartedMain] o.a.c.h.Http11NioProtocol                : Initializing ProtocolHandler ["http-nio-8080"]
2023-07-10 16:15:09.499  INFO DESKTOP-PH7VFOH --- [  restartedMain] o.a.c.c.StandardService                  : Starting service [Tomcat]
2023-07-10 16:15:09.499  INFO DESKTOP-PH7VFOH --- [  restartedMain] o.a.c.c.StandardEngine                   : Starting Servlet engine: [Apache Tomcat/10.1.5]
2023-07-10 16:15:09.549  INFO DESKTOP-PH7VFOH --- [  restartedMain] o.a.c.c.C.[.[.[/]                        : Initializing Spring embedded WebApplicationContext
2023-07-10 16:15:09.549  INFO DESKTOP-PH7VFOH --- [  restartedMain] w.s.c.ServletWebServerApplicationContext : Root WebApplicationContext: initialization completed in 1553 ms
2023-07-10 16:15:09.903  INFO DESKTOP-PH7VFOH --- [  restartedMain] o.m.d.client                             : MongoClient with metadata {"driver": {"name": "mongo-java-driver|sync", "version": "4.8.2"}, "os": {"type": "Windows", "name": "Windows 11", "architecture": "amd64", "version": "10.0"}, "platform": "Java/Amazon.com Inc./17.0.7+7-LTS"} created with settings MongoClientSettings{readPreference=primary, writeConcern=WriteConcern{w=null, wTimeout=null ms, journal=null}, retryWrites=true, retryReads=true, readConcern=ReadConcern{level=null}, credential=null, streamFactoryFactory=null, commandListeners=[], codecRegistry=ProvidersCodecRegistry{codecProviders=[ValueCodecProvider{}, BsonValueCodecProvider{}, DBRefCodecProvider{}, DBObjectCodecProvider{}, DocumentCodecProvider{}, CollectionCodecProvider{}, IterableCodecProvider{}, MapCodecProvider{}, GeoJsonCodecProvider{}, GridFSFileCodecProvider{}, Jsr310CodecProvider{}, JsonObjectCodecProvider{}, BsonCodecProvider{}, EnumCodecProvider{}, com.mongodb.Jep395RecordCodecProvider@d4a1546]}, clusterSettings={hosts=[localhost:27017], srvServiceName=mongodb, mode=SINGLE, requiredClusterType=UNKNOWN, requiredReplicaSetName='null', serverSelector='null', clusterListeners='[]', serverSelectionTimeout='30000 ms', localThreshold='30000 ms'}, socketSettings=SocketSettings{connectTimeoutMS=10000, readTimeoutMS=0, receiveBufferSize=0, sendBufferSize=0}, heartbeatSocketSettings=SocketSettings{connectTimeoutMS=10000, readTimeoutMS=10000, receiveBufferSize=0, sendBufferSize=0}, connectionPoolSettings=ConnectionPoolSettings{maxSize=100, minSize=0, maxWaitTimeMS=120000, maxConnectionLifeTimeMS=0, maxConnectionIdleTimeMS=0, maintenanceInitialDelayMS=0, maintenanceFrequencyMS=60000, connectionPoolListeners=[], maxConnecting=2}, serverSettings=ServerSettings{heartbeatFrequencyMS=10000, minHeartbeatFrequencyMS=500, serverListeners='[]', serverMonitorListeners='[]'}, sslSettings=SslSettings{enabled=false, invalidHostNameAllowed=false, context=null}, applicationName='null', compressorList=[], uuidRepresentation=UNSPECIFIED, serverApi=null, autoEncryptionSettings=null, contextProvider=null}
2023-07-10 16:15:09.910  INFO DESKTOP-PH7VFOH --- [localhost:27017] o.m.d.cluster                            : Monitor thread successfully connected to server with description ServerDescription{address=localhost:27017, type=STANDALONE, state=CONNECTED, ok=true, minWireVersion=0, maxWireVersion=17, maxDocumentSize=16777216, logicalSessionTimeoutMinutes=30, roundTripTimeNanos=15689000}
2023-07-10 16:15:10.208  INFO DESKTOP-PH7VFOH --- [  restartedMain] o.s.b.d.a.OptionalLiveReloadServer       : LiveReload server is running on port 35729
2023-07-10 16:15:11.342  INFO DESKTOP-PH7VFOH --- [  restartedMain] o.s.s.w.DefaultSecurityFilterChain       : Will secure any request with [org.springframework.security.web.session.DisableEncodeUrlFilter@70884be4, org.springframework.security.web.context.request.async.WebAsyncManagerIntegrationFilter@1af4731, org.springframework.security.web.context.SecurityContextHolderFilter@73d2300f, org.springframework.security.web.header.HeaderWriterFilter@4e47895, org.springframework.security.web.authentication.logout.LogoutFilter@46d0b716, org.springframework.security.web.savedrequest.RequestCacheAwareFilter@42cf62fa, org.springframework.security.web.servletapi.SecurityContextHolderAwareRequestFilter@5fc2919e, org.springframework.security.web.authentication.AnonymousAuthenticationFilter@72a5840d, org.springframework.security.web.session.SessionManagementFilter@2cd71f56, org.springframework.security.web.access.ExceptionTranslationFilter@1b5a91, org.springframework.security.web.access.intercept.AuthorizationFilter@6d4a303c]
2023-07-10 16:15:11.975  INFO DESKTOP-PH7VFOH --- [  restartedMain] o.a.c.h.Http11NioProtocol                : Starting ProtocolHandler ["http-nio-8080"]
2023-07-10 16:15:11.979  WARN DESKTOP-PH7VFOH --- [  restartedMain] ConfigServletWebServerApplicationContext : Exception encountered during context initialization - cancelling refresh attempt: org.springframework.context.ApplicationContextException: Failed to start bean 'webServerStartStop'
2023-07-10 16:15:11.985  INFO DESKTOP-PH7VFOH --- [  restartedMain] o.a.c.h.Http11NioProtocol                : Pausing ProtocolHandler ["http-nio-8080"]
2023-07-10 16:15:11.986  INFO DESKTOP-PH7VFOH --- [  restartedMain] o.a.c.c.StandardService                  : Stopping service [Tomcat]
2023-07-10 16:15:11.990  INFO DESKTOP-PH7VFOH --- [  restartedMain] o.a.c.h.Http11NioProtocol                : Stopping ProtocolHandler ["http-nio-8080"]
2023-07-10 16:15:11.991  INFO DESKTOP-PH7VFOH --- [  restartedMain] o.a.c.h.Http11NioProtocol                : Destroying ProtocolHandler ["http-nio-8080"]
2023-07-10 16:15:11.998  INFO DESKTOP-PH7VFOH --- [  restartedMain] .s.b.a.l.ConditionEvaluationReportLogger : 

Error starting ApplicationContext. To display the condition evaluation report re-run your application with 'debug' enabled.
2023-07-10 16:15:12.010 ERROR DESKTOP-PH7VFOH --- [  restartedMain] o.s.b.d.LoggingFailureAnalysisReporter   : 

***************************
APPLICATION FAILED TO START
***************************

Description:

Web server failed to start. Port 8080 was already in use.

Action:

Identify and stop the process that's listening on port 8080 or configure this application to listen on another port.

